<?xml version="1.0" encoding="UTF-8"?>
<!-- Generated by org.testng.reporters.JUnitReportReporter -->
<testsuite skipped="0" hostname="LNTLP0127" name="GameTest" tests="1" failures="0" timestamp="09 Jul 2018 14:31:27 GMT" time="0.010" errors="0">
  <testcase name="spare" time="0.010" classname="GameTest"/>
</testsuite> <!-- GameTest -->
